<?xml version="1.0" encoding="UTF-8"?>
<!-- Generated by org.testng.reporters.JUnitXMLReporter -->
<testsuite ignored="1" hostname="INLEN8520028251" failures="1" tests="2" name="Error Validations Test" time="14.691" errors="0" timestamp="2024-04-10T18:44:35 IST">
  <testcase classname="seleniumFrameworkDesign.Tests.ErrorValidationsTest" name="LoginPageErrorValidations" time="1.112">
    <skipped/>
  </testcase> <!-- LoginPageErrorValidations -->
  <testcase classname="seleniumFrameworkDesign.Tests.ErrorValidationsTest" name="LoginPageErrorValidations" time="0.971">
    <failure type="java.lang.AssertionError" message="expected [Incorrect email or password.] but found [Incorrect email  password.]">
      <![CDATA[java.lang.AssertionError: expected [Incorrect email or password.] but found [Incorrect email  password.]
at seleniumFrameworkDesign.Tests.ErrorValidationsTest.LoginPageErrorValidations(ErrorValidationsTest.java:27)
at java.base/java.util.ArrayList.forEach(ArrayList.java:1511)
at java.base/java.util.concurrent.FutureTask.run(FutureTask.java:264)
at java.base/java.util.concurrent.ThreadPoolExecutor.runWorker(ThreadPoolExecutor.java:1136)
at java.base/java.util.concurrent.ThreadPoolExecutor$Worker.run(ThreadPoolExecutor.java:635)
at java.base/java.lang.Thread.run(Thread.java:833)
... Removed 24 stack frames]]>
    </failure>
  </testcase> <!-- LoginPageErrorValidations -->
  <testcase classname="seleniumFrameworkDesign.Tests.ErrorValidationsTest" name="ProductPageErrorValidations" time="0.0">
    <ignored/>
  </testcase> <!-- ProductPageErrorValidations -->
</testsuite> <!-- Error Validations Test -->
