<?xml version="1.0" encoding="UTF-8"?>
<!-- Generated by org.testng.reporters.JUnitXMLReporter -->
<testsuite ignored="0" hostname="INLEN8520028251" failures="1" tests="3" name="Submit Order Test" time="57.154" errors="0" timestamp="2024-04-15T14:43:33 IST">
  <testcase classname="seleniumFrameworkDesign.Tests.StandaloneTest2_Improvised" name="SubmitOrder" time="22.765"/>
  <testcase classname="seleniumFrameworkDesign.Tests.StandaloneTest2_Improvised" name="SubmitOrder" time="22.041"/>
  <testcase classname="seleniumFrameworkDesign.Tests.StandaloneTest2_Improvised" name="OrderHistoryTest" time="0.0">
    <failure type="org.testng.TestNGException" message="
Cannot inject @Test annotated Method [OrderHistoryTest] with [class java.util.HashMap].
For more information on native dependency injection please refer to https://testng.org/doc/documentation-main.html#native-dependency-injection">
      <![CDATA[org.testng.TestNGException: 
Cannot inject @Test annotated Method [OrderHistoryTest] with [class java.util.HashMap].
For more information on native dependency injection please refer to https://testng.org/doc/documentation-main.html#native-dependency-injection
at java.base/java.util.ArrayList.forEach(ArrayList.java:1596)
... Removed 30 stack frames]]>
    </failure>
  </testcase> <!-- OrderHistoryTest -->
</testsuite> <!-- Submit Order Test -->
